<?xml version="1.0" encoding="UTF-8"?>
<!-- Generated by org.testng.reporters.JUnitReportReporter -->
<testsuite hostname="DESKTOP-19H4P9G" failures="0" tests="5" name="com.avengers.testng.AnnotationsPractise" time="0.053" errors="0" timestamp="2024-03-19T10:58:15 IST" skipped="0">
  <testcase classname="com.avengers.testng.AnnotationsPractise" name="TC8" time="0.010"/>
  <testcase classname="com.avengers.testng.AnnotationsPractise" name="TC12" time="0.007"/>
  <testcase classname="com.avengers.testng.AnnotationsPractise" name="TC4" time="0.008"/>
  <testcase classname="com.avengers.testng.AnnotationsPractise" name="TC10" time="0.015"/>
  <testcase classname="com.avengers.testng.AnnotationsPractise" name="TC6" time="0.013"/>
</testsuite> <!-- com.avengers.testng.AnnotationsPractise -->
